[19:46:54] [Server thread/INFO]: Starting minecraft server version 1.15.2
[19:46:54] [Server thread/INFO]: Loading properties
[19:46:54] [Server thread/INFO]: This server is running Paper version git-Paper-391 (MC: 1.15.2) (Implementing API version 1.15.2-R0.1-SNAPSHOT)
[19:46:54] [Server thread/INFO]: Debug logging is disabled
[19:46:54] [Server thread/INFO]: Server Ping Player Sample Count: 12
[19:46:54] [Server thread/INFO]: Using 4 threads for Netty based IO
[19:46:54] [Server thread/INFO]: Default game type: SURVIVAL
[19:46:54] [Server thread/INFO]: Generating keypair
[19:46:54] [Server thread/INFO]: Starting Minecraft server on *:25565
[19:46:54] [Server thread/INFO]: Using default channel type
[19:46:56] [Server thread/INFO]: [SpigotPing] Loading SpigotPing v2.6
[19:46:56] [Server thread/INFO]: [Towny] Loading Towny v0.96.5.0
[19:46:56] [Server thread/INFO]: [TownyChat] Loading TownyChat v0.83
[19:46:56] [Server thread/INFO]: [mcMMO] Loading mcMMO v2.1.163-SNAPSHOT
[19:46:56] [Server thread/INFO]: [TownyMenu] Loading TownyMenu v1.2.9
[19:46:56] [Server thread/INFO]: [TownyNameUpdater] Loading TownyNameUpdater v5.0
[19:46:56] [Server thread/INFO]: Server permissions file permissions.yml is empty, ignoring it
[19:46:56] [Server thread/INFO]: Preparing level "world"
[19:46:57] [Server thread/INFO]: Reloading ResourceManager: Default, bukkit
[19:47:04] [Server thread/INFO]: Loaded 6 recipes
[19:47:04] [Server thread/INFO]: -------- World Settings For [world] --------
[19:47:04] [Server thread/INFO]: Nerfing mobs spawned from spawners: false
[19:47:04] [Server thread/INFO]: Experience Merge Radius: 3.0
[19:47:04] [Server thread/INFO]: Cactus Growth Modifier: 100%
[19:47:04] [Server thread/INFO]: Cane Growth Modifier: 100%
[19:47:04] [Server thread/INFO]: Melon Growth Modifier: 100%
[19:47:04] [Server thread/INFO]: Mushroom Growth Modifier: 100%
[19:47:04] [Server thread/INFO]: Pumpkin Growth Modifier: 100%
[19:47:04] [Server thread/INFO]: Sapling Growth Modifier: 100%
[19:47:04] [Server thread/INFO]: Beetroot Growth Modifier: 100%
[19:47:04] [Server thread/INFO]: Carrot Growth Modifier: 100%
[19:47:04] [Server thread/INFO]: Potato Growth Modifier: 100%
[19:47:04] [Server thread/INFO]: Wheat Growth Modifier: 100%
[19:47:04] [Server thread/INFO]: NetherWart Growth Modifier: 100%
[19:47:04] [Server thread/INFO]: Vine Growth Modifier: 100%
[19:47:04] [Server thread/INFO]: Cocoa Growth Modifier: 100%
[19:47:04] [Server thread/INFO]: Bamboo Growth Modifier: 100%
[19:47:04] [Server thread/INFO]: SweetBerry Growth Modifier: 100%
[19:47:04] [Server thread/INFO]: Kelp Growth Modifier: 100%
[19:47:04] [Server thread/INFO]: Mob Spawn Range: 8
[19:47:04] [Server thread/INFO]: Entity Tracking Range: Pl 48 / An 48 / Mo 48 / Mi 32 / Other 64
[19:47:04] [Server thread/INFO]: Hopper Transfer: 8 Hopper Check: 1 Hopper Amount: 1
[19:47:04] [Server thread/INFO]: Entity Activation Range: An 32 / Mo 32 / Ra 48 / Mi 16 / Tiv true
[19:47:04] [Server thread/INFO]: Max TNT Explosions: 100
[19:47:04] [Server thread/INFO]: Tile Max Tick Time: 50ms Entity max Tick Time: 50ms
[19:47:04] [Server thread/INFO]: View Distance: 10
[19:47:04] [Server thread/INFO]: Allow Zombie Pigmen to spawn from portal blocks: true
[19:47:04] [Server thread/INFO]: Item Merge Radius: 2.5
[19:47:04] [Server thread/INFO]: Item Despawn Rate: 6000
[19:47:04] [Server thread/INFO]: Arrow Despawn Rate: 1200 Trident Respawn Rate:1200
[19:47:04] [Server thread/INFO]: Zombie Aggressive Towards Villager: true
[19:47:04] [Server thread/INFO]: Custom Map Seeds:  Village: 10387312 Desert: 14357617 Igloo: 14357618 Jungle: 14357619 Swamp: 14357620 Monument: 10387313 Ocean: 14357621 Shipwreck: 165745295 End City: 10387313 Slime: 987234911
[19:47:04] [Server thread/INFO]: -------- World Settings For [world_nether] --------
[19:47:04] [Server thread/INFO]: Nerfing mobs spawned from spawners: false
[19:47:04] [Server thread/INFO]: Experience Merge Radius: 3.0
[19:47:04] [Server thread/INFO]: Cactus Growth Modifier: 100%
[19:47:04] [Server thread/INFO]: Cane Growth Modifier: 100%
[19:47:04] [Server thread/INFO]: Melon Growth Modifier: 100%
[19:47:04] [Server thread/INFO]: Mushroom Growth Modifier: 100%
[19:47:04] [Server thread/INFO]: Pumpkin Growth Modifier: 100%
[19:47:04] [Server thread/INFO]: Sapling Growth Modifier: 100%
[19:47:04] [Server thread/INFO]: Beetroot Growth Modifier: 100%
[19:47:04] [Server thread/INFO]: Carrot Growth Modifier: 100%
[19:47:04] [Server thread/INFO]: Potato Growth Modifier: 100%
[19:47:04] [Server thread/INFO]: Wheat Growth Modifier: 100%
[19:47:04] [Server thread/INFO]: NetherWart Growth Modifier: 100%
[19:47:04] [Server thread/INFO]: Vine Growth Modifier: 100%
[19:47:04] [Server thread/INFO]: Cocoa Growth Modifier: 100%
[19:47:04] [Server thread/INFO]: Bamboo Growth Modifier: 100%
[19:47:04] [Server thread/INFO]: SweetBerry Growth Modifier: 100%
[19:47:04] [Server thread/INFO]: Kelp Growth Modifier: 100%
[19:47:04] [Server thread/INFO]: Mob Spawn Range: 8
[19:47:04] [Server thread/INFO]: Entity Tracking Range: Pl 48 / An 48 / Mo 48 / Mi 32 / Other 64
[19:47:04] [Server thread/INFO]: Hopper Transfer: 8 Hopper Check: 1 Hopper Amount: 1
[19:47:04] [Server thread/INFO]: Entity Activation Range: An 32 / Mo 32 / Ra 48 / Mi 16 / Tiv true
[19:47:04] [Server thread/INFO]: Max TNT Explosions: 100
[19:47:04] [Server thread/INFO]: Tile Max Tick Time: 50ms Entity max Tick Time: 50ms
[19:47:04] [Server thread/INFO]: View Distance: 10
[19:47:04] [Server thread/INFO]: Allow Zombie Pigmen to spawn from portal blocks: true
[19:47:04] [Server thread/INFO]: Item Merge Radius: 2.5
[19:47:04] [Server thread/INFO]: Item Despawn Rate: 6000
[19:47:04] [Server thread/INFO]: Arrow Despawn Rate: 1200 Trident Respawn Rate:1200
[19:47:04] [Server thread/INFO]: Zombie Aggressive Towards Villager: true
[19:47:04] [Server thread/INFO]: Custom Map Seeds:  Village: 10387312 Desert: 14357617 Igloo: 14357618 Jungle: 14357619 Swamp: 14357620 Monument: 10387313 Ocean: 14357621 Shipwreck: 165745295 End City: 10387313 Slime: 987234911
[19:47:04] [Server thread/INFO]: -------- World Settings For [world_the_end] --------
[19:47:04] [Server thread/INFO]: Nerfing mobs spawned from spawners: false
[19:47:04] [Server thread/INFO]: Experience Merge Radius: 3.0
[19:47:04] [Server thread/INFO]: Cactus Growth Modifier: 100%
[19:47:04] [Server thread/INFO]: Cane Growth Modifier: 100%
[19:47:04] [Server thread/INFO]: Melon Growth Modifier: 100%
[19:47:04] [Server thread/INFO]: Mushroom Growth Modifier: 100%
[19:47:04] [Server thread/INFO]: Pumpkin Growth Modifier: 100%
[19:47:04] [Server thread/INFO]: Sapling Growth Modifier: 100%
[19:47:04] [Server thread/INFO]: Beetroot Growth Modifier: 100%
[19:47:04] [Server thread/INFO]: Carrot Growth Modifier: 100%
[19:47:04] [Server thread/INFO]: Potato Growth Modifier: 100%
[19:47:04] [Server thread/INFO]: Wheat Growth Modifier: 100%
[19:47:04] [Server thread/INFO]: NetherWart Growth Modifier: 100%
[19:47:04] [Server thread/INFO]: Vine Growth Modifier: 100%
[19:47:04] [Server thread/INFO]: Cocoa Growth Modifier: 100%
[19:47:04] [Server thread/INFO]: Bamboo Growth Modifier: 100%
[19:47:04] [Server thread/INFO]: SweetBerry Growth Modifier: 100%
[19:47:04] [Server thread/INFO]: Kelp Growth Modifier: 100%
[19:47:04] [Server thread/INFO]: Mob Spawn Range: 8
[19:47:04] [Server thread/INFO]: Entity Tracking Range: Pl 48 / An 48 / Mo 48 / Mi 32 / Other 64
[19:47:04] [Server thread/INFO]: Hopper Transfer: 8 Hopper Check: 1 Hopper Amount: 1
[19:47:04] [Server thread/INFO]: Entity Activation Range: An 32 / Mo 32 / Ra 48 / Mi 16 / Tiv true
[19:47:04] [Server thread/INFO]: Max TNT Explosions: 100
[19:47:04] [Server thread/INFO]: Tile Max Tick Time: 50ms Entity max Tick Time: 50ms
[19:47:04] [Server thread/INFO]: View Distance: 10
[19:47:04] [Server thread/INFO]: Allow Zombie Pigmen to spawn from portal blocks: true
[19:47:04] [Server thread/INFO]: Item Merge Radius: 2.5
[19:47:04] [Server thread/INFO]: Item Despawn Rate: 6000
[19:47:04] [Server thread/INFO]: Arrow Despawn Rate: 1200 Trident Respawn Rate:1200
[19:47:04] [Server thread/INFO]: Zombie Aggressive Towards Villager: true
[19:47:04] [Server thread/INFO]: Custom Map Seeds:  Village: 10387312 Desert: 14357617 Igloo: 14357618 Jungle: 14357619 Swamp: 14357620 Monument: 10387313 Ocean: 14357621 Shipwreck: 165745295 End City: 10387313 Slime: 987234911
[19:47:04] [Server thread/INFO]: Preparing start region for dimension 'world'/minecraft:overworld
[19:47:05] [Server thread/INFO]: Loaded 0 spawn chunks for world world
[19:47:05] [Server thread/INFO]: Preparing spawn area: 0%
[19:47:05] [Server thread/INFO]: Preparing spawn area: 0%
[19:47:05] [Server thread/INFO]: Time elapsed: 548 ms
[19:47:05] [Server thread/INFO]: Preparing start region for dimension 'world_nether'/minecraft:the_nether
[19:47:05] [Server thread/INFO]: Loaded 0 spawn chunks for world world_nether
[19:47:05] [Server thread/INFO]: Time elapsed: 173 ms
[19:47:05] [Server thread/INFO]: Preparing start region for dimension 'world_the_end'/minecraft:the_end
[19:47:05] [Server thread/INFO]: Loaded 0 spawn chunks for world world_the_end
[19:47:05] [Server thread/INFO]: Time elapsed: 204 ms
[19:47:05] [Server thread/INFO]: [SpigotPing] Enabling SpigotPing v2.6
[19:47:05] [Server thread/INFO]: [SpigotPing] TabList is enabled, task added with a delay of 5 second/s.
[19:47:05] [Server thread/INFO]: [Towny] Enabling Towny v0.96.5.0
[19:47:05] [Server thread/INFO]: ====================      Towny      ========================
[19:47:06] [Server thread/INFO]: [Towny] Lang: english.yml v0.91 loaded.
[19:47:06] [Server thread/INFO]: [Towny] Database: [Load] flatfile [Save] flatfile
[19:47:06] [Server thread/INFO]: [Towny] Database: Loaded in 58ms.
[19:47:06] [Server thread/INFO]: [Towny] Database: 100% of residents have stored UUIDs.
[19:47:06] [Server thread/INFO]: [Towny] Searching for third-party plugins...
[19:47:06] [ForkJoinPool.commonPool-worker-1/INFO]: [Towny] Cleaning up old backups...
[19:47:06] [ForkJoinPool.commonPool-worker-1/INFO]: [Towny] Successfully cleaned backups.
[19:47:06] [ForkJoinPool.commonPool-worker-1/INFO]: [Towny] Making backup...
[19:47:06] [Server thread/INFO]: [Towny] Plugins found: 
[19:47:06] [Server thread/INFO]:   Permissions: TownyPerms, BukkitPermissions
[19:47:06] [Server thread/INFO]:   Add-ons: TownyChat v0.83
[19:47:06] [Server thread/INFO]: [Towny] Warning: No compatible Economy plugins found. Install
[19:47:06] [Server thread/INFO]:         Vault.jar or Reserve.jar with any of the supported eco
[19:47:06] [Server thread/INFO]:         systems. If you do not want an economy to be used, set
[19:47:06] [Server thread/INFO]:         using_economy: false in your Towny config.yml.
[19:47:06] [Server thread/INFO]: [Towny] Time until a New Day: 16 hours, 12 minutes, 54 seconds
[19:47:06] [ForkJoinPool.commonPool-worker-1/INFO]: [Towny] Towny flatfiles and settings successfully backed up.
[19:47:06] [Server thread/INFO]: =============================================================
[19:47:06] [Server thread/INFO]: [Towny] Version: 0.96.5.0 - Plugin Enabled
[19:47:06] [Server thread/INFO]: =============================================================
[19:47:06] [Server thread/INFO]: [TownyChat] Enabling TownyChat v0.83
[19:47:06] [Server thread/INFO]: [TownyChat] Default Channel set to general
[19:47:06] [Server thread/INFO]: [TownyChat] Towny version 0.96.5.0 found.
[19:47:06] [Server thread/INFO]: [mcMMO] Enabling mcMMO v2.1.163-SNAPSHOT
[19:47:06] [Server thread/INFO]: [mcMMO] Platform String: 1.15.2-R0.1-SNAPSHOT
[19:47:06] [Server thread/INFO]: [mcMMO] Minecraft version determined to be - 1.15.2
[19:47:06] [Server thread/INFO]: [mcMMO] Loading compatibility layers...
[19:47:06] [Server thread/INFO]: [mcMMO] Finished loading compatibility layers.
[19:47:09] [Server thread/INFO]: [mcMMO] Checking for certain invalid material names in Repair config...
[19:47:09] [Server thread/INFO]: [mcMMO] Checking repair.vanilla.yml config material names...
[19:47:09] [Server thread/INFO]: [mcMMO] Finished checking repair.vanilla.yml for certain misspelled material names.
[19:47:09] [Server thread/INFO]: [mcMMO] mcMMO found the following materials in the Repair config that are not supported by the version of Minecraft running on this server: NETHERITE_HELMET, NETHERITE_PICKAXE, NETHERITE_CHESTPLATE, NETHERITE_AXE, NETHERITE_HOE, WARPED_FUNGUS_ON_A_STICK, NETHERITE_SWORD, NETHERITE_SHOVEL, NETHERITE_LEGGINGS, NETHERITE_BOOTS
[19:47:09] [Server thread/INFO]: [mcMMO] Items using materials that are not supported will simply be skipped.
[19:47:09] [Server thread/INFO]: [mcMMO] Checking for certain invalid material names in Salvage config...
[19:47:09] [Server thread/INFO]: [mcMMO] Checking salvage.vanilla.yml config material names...
[19:47:09] [Server thread/INFO]: [mcMMO] Finished checking salvage.vanilla.yml for certain misspelled material names.
[19:47:09] [Server thread/INFO]: [mcMMO] Fixing incorrect Salvage quantities on Netherite gear, this will only run once...
[19:47:09] [Server thread/INFO]: [mcMMO] Fixed incorrect Salvage quantities for Netherite gear!
[19:47:09] [Server thread/INFO]: [mcMMO] mcMMO found the following materials in the Salvage config that are not supported by the version of Minecraft running on this server: NETHERITE_HELMET, NETHERITE_PICKAXE, NETHERITE_CHESTPLATE, NETHERITE_AXE, NETHERITE_HOE, NETHERITE_SWORD, NETHERITE_SHOVEL, NETHERITE_LEGGINGS, NETHERITE_BOOTS
[19:47:09] [Server thread/INFO]: [mcMMO] Items using materials that are not supported will simply be skipped.
[19:47:09] [Server thread/INFO]: [mcMMO] Enabling Acrobatics Skills
[19:47:09] [Server thread/INFO]: [mcMMO] Registered subskill: Roll
[19:47:09] [Server thread/INFO]: [mcMMO] 0 entries in mcMMO World Blacklist
[19:47:10] [Server thread/INFO]: [TownyMenu] Enabling TownyMenu v1.2.9
[19:47:10] [Server thread/INFO]: [TownyMenu] Enabling Towny Menu by Tolmikarc
[19:47:10] [Server thread/INFO]: [TownyMenu] for TownyAdvanced
[19:47:10] [Server thread/WARN]: [TownyMenu] Loaded class com.palmergames.bukkit.towny.object.TownBlockOwner from Towny v0.96.5.0 which is not a depend, softdepend or loadbefore of this plugin.
[19:47:10] [Server thread/INFO]: [TownyNameUpdater] Enabling TownyNameUpdater v5.0
[19:47:10] [Server thread/INFO]: Running delayed init tasks
[19:47:10] [Craft Scheduler Thread - 3/INFO]: [mcMMO] Starting to check and update UUIDs, total amount of users: 0
[19:47:10] [Server thread/INFO]: [TownyChat] -******* TownyChat enabled *******-
[19:47:10] [Server thread/INFO]: Done (16.412s)! For help, type "help"
[19:47:10] [Server thread/INFO]: Timings Reset
[19:47:24] [Server thread/INFO]: Unknown command. Type "/help" for help.
[19:47:28] [Server thread/INFO]: Unknown command. Type "/help" for help.
[19:47:30] [Server thread/INFO]: Stopping server
[19:47:30] [Server thread/INFO]: [TownyNameUpdater] Disabling TownyNameUpdater v5.0
[19:47:30] [Server thread/INFO]: [TownyMenu] Disabling TownyMenu v1.2.9
[19:47:30] [Server thread/INFO]: [mcMMO] Disabling mcMMO v2.1.163-SNAPSHOT
[19:47:30] [Server thread/INFO]: [TownyChat] Disabling TownyChat v0.83
[19:47:30] [Server thread/INFO]: [Towny] Disabling Towny v0.96.5.0
[19:47:30] [Server thread/INFO]: ==============================================================
[19:47:30] [Server thread/INFO]: [Towny] Finishing File IO Tasks...
[19:47:30] [Server thread/INFO]: [Towny] Version: 0.96.5.0 - Plugin Disabled
[19:47:30] [Server thread/INFO]: =============================================================
[19:47:30] [Server thread/INFO]: [SpigotPing] Disabling SpigotPing v2.6
[19:47:30] [Server thread/INFO]: [SpigotPing] Cancelling tasks...
[19:47:30] [Server thread/INFO]: Saving players
[19:47:30] [Server thread/INFO]: Saving worlds
[19:47:30] [Server thread/INFO]: Saving chunks for level 'world'/minecraft:overworld
[19:47:31] [Server thread/INFO]: ThreadedAnvilChunkStorage (world): All chunks are saved
[19:47:31] [Server thread/INFO]: Saving chunks for level 'world_nether'/minecraft:the_nether
[19:47:31] [Server thread/INFO]: ThreadedAnvilChunkStorage (DIM-1): All chunks are saved
[19:47:31] [Server thread/INFO]: Saving chunks for level 'world_the_end'/minecraft:the_end
[19:47:32] [Server thread/INFO]: ThreadedAnvilChunkStorage (DIM1): All chunks are saved
[19:47:32] [Server thread/INFO]: ThreadedAnvilChunkStorage (world): All chunks are saved
[19:47:32] [Server thread/INFO]: ThreadedAnvilChunkStorage (DIM-1): All chunks are saved
[19:47:32] [Server thread/INFO]: ThreadedAnvilChunkStorage (DIM1): All chunks are saved
[19:47:32] [Server thread/INFO]: Flushing Chunk IO
[19:47:32] [Server thread/INFO]: Closing Thread Pool
[19:47:32] [Server thread/INFO]: Closing Server
